<?xml version="1.0" encoding="UTF-8"?>
<testng-results ignored="0" total="1" passed="1" failed="0" skipped="0">
  <reporter-output>
  </reporter-output>
  <suite started-at="2026-02-23T17:07:08 IST" name="Suite" finished-at="2026-02-23T17:07:33 IST" duration-ms="24757">
    <groups>
    </groups>
    <test started-at="2026-02-23T17:07:08 IST" name="Test" finished-at="2026-02-23T17:07:33 IST" duration-ms="24757">
      <class name="org.automationexercise.test.qa.PaymentTest">
        <test-method is-config="true" signature="setup()[pri:0, instance:org.automationexercise.test.qa.PaymentTest@46e8a539]" started-at="2026-02-23T17:07:09 IST" name="setup" finished-at="2026-02-23T17:07:14 IST" duration-ms="5818" status="PASS">
          <reporter-output>
          </reporter-output>
        </test-method> <!-- setup -->
        <test-method signature="paymenttest()[pri:0, instance:org.automationexercise.test.qa.PaymentTest@46e8a539]" started-at="2026-02-23T17:07:14 IST" name="paymenttest" finished-at="2026-02-23T17:07:33 IST" duration-ms="18089" status="PASS">
          <reporter-output>
          </reporter-output>
        </test-method> <!-- paymenttest -->
        <test-method is-config="true" signature="tearDown()[pri:0, instance:org.automationexercise.test.qa.PaymentTest@46e8a539]" started-at="2026-02-23T17:07:33 IST" name="tearDown" finished-at="2026-02-23T17:07:33 IST" duration-ms="678" status="PASS">
          <reporter-output>
          </reporter-output>
        </test-method> <!-- tearDown -->
      </class> <!-- org.automationexercise.test.qa.PaymentTest -->
    </test> <!-- Test -->
  </suite> <!-- Suite -->
</testng-results>
