<?xml version="1.0" encoding="UTF-8"?>
<testng-results ignored="0" total="1" passed="1" failed="0" skipped="0">
  <reporter-output>
  </reporter-output>
  <suite started-at="2026-02-23T21:35:01 IST" name="Suite" finished-at="2026-02-23T21:35:39 IST" duration-ms="38131">
    <groups>
    </groups>
    <test started-at="2026-02-23T21:35:01 IST" name="Test" finished-at="2026-02-23T21:35:39 IST" duration-ms="38131">
      <class name="org.automationexercise.test.qa.PaymentTest">
        <test-method is-config="true" signature="setup()[pri:0, instance:org.automationexercise.test.qa.PaymentTest@710b30ef]" started-at="2026-02-23T21:35:01 IST" name="setup" finished-at="2026-02-23T21:35:07 IST" duration-ms="6182" status="PASS">
          <reporter-output>
          </reporter-output>
        </test-method> <!-- setup -->
        <test-method signature="paymenttest()[pri:0, instance:org.automationexercise.test.qa.PaymentTest@710b30ef]" started-at="2026-02-23T21:35:07 IST" name="paymenttest" finished-at="2026-02-23T21:35:39 IST" duration-ms="31232" status="PASS">
          <reporter-output>
          </reporter-output>
        </test-method> <!-- paymenttest -->
        <test-method is-config="true" signature="tearDown()[pri:0, instance:org.automationexercise.test.qa.PaymentTest@710b30ef]" started-at="2026-02-23T21:35:39 IST" name="tearDown" finished-at="2026-02-23T21:35:39 IST" duration-ms="353" status="PASS">
          <reporter-output>
          </reporter-output>
        </test-method> <!-- tearDown -->
      </class> <!-- org.automationexercise.test.qa.PaymentTest -->
    </test> <!-- Test -->
  </suite> <!-- Suite -->
</testng-results>
